<?xml version="1.0" encoding="UTF-8"?>
<!-- Generated by org.testng.reporters.JUnitXMLReporter -->
<testsuite ignored="0" hostname="techcircles-Mac-mini.local" failures="0" tests="2" name="Test" time="0.169" errors="0" timestamp="2023-04-04T21:04:54 EDT">
  <testcase classname="jUnitTestingPackage.AnnotationTesting" name="ValidUsernameAndValidPassword" time="0.013"/>
  <testcase classname="jUnitTestingPackage.AnnotationTesting" name="inValidUsernameAndValidPassword" time="0.002"/>
</testsuite> <!-- Test -->
