<?xml version="1.0" encoding="UTF-8"?>
<testng-results ignored="0" total="2" passed="2" failed="0" skipped="0">
  <reporter-output>
  </reporter-output>
  <suite started-at="2023-04-04T21:04:49 EDT" name="Suite" finished-at="2023-04-04T21:04:49 EDT" duration-ms="169">
    <groups>
    </groups>
    <test started-at="2023-04-04T21:04:49 EDT" name="Test" finished-at="2023-04-04T21:04:49 EDT" duration-ms="169">
      <class name="jUnitTestingPackage.AnnotationTesting">
        <test-method is-config="true" signature="before()[pri:0, instance:jUnitTestingPackage.AnnotationTesting@6580cfdd]" started-at="2023-04-04T21:04:49 EDT" name="before" finished-at="2023-04-04T21:04:49 EDT" duration-ms="16" status="PASS">
          <reporter-output>
          </reporter-output>
        </test-method> <!-- before -->
        <test-method signature="ValidUsernameAndValidPassword()[pri:0, instance:jUnitTestingPackage.AnnotationTesting@6580cfdd]" started-at="2023-04-04T21:04:49 EDT" name="ValidUsernameAndValidPassword" finished-at="2023-04-04T21:04:49 EDT" duration-ms="13" status="PASS">
          <reporter-output>
          </reporter-output>
        </test-method> <!-- ValidUsernameAndValidPassword -->
        <test-method is-config="true" signature="after()[pri:0, instance:jUnitTestingPackage.AnnotationTesting@6580cfdd]" started-at="2023-04-04T21:04:49 EDT" name="after" finished-at="2023-04-04T21:04:49 EDT" duration-ms="2" status="PASS">
          <reporter-output>
          </reporter-output>
        </test-method> <!-- after -->
        <test-method is-config="true" signature="before()[pri:0, instance:jUnitTestingPackage.AnnotationTesting@6580cfdd]" started-at="2023-04-04T21:04:49 EDT" name="before" finished-at="2023-04-04T21:04:49 EDT" duration-ms="1" status="PASS">
          <reporter-output>
          </reporter-output>
        </test-method> <!-- before -->
        <test-method signature="inValidUsernameAndValidPassword()[pri:0, instance:jUnitTestingPackage.AnnotationTesting@6580cfdd]" started-at="2023-04-04T21:04:49 EDT" name="inValidUsernameAndValidPassword" finished-at="2023-04-04T21:04:49 EDT" duration-ms="2" status="PASS">
          <reporter-output>
          </reporter-output>
        </test-method> <!-- inValidUsernameAndValidPassword -->
        <test-method is-config="true" signature="after()[pri:0, instance:jUnitTestingPackage.AnnotationTesting@6580cfdd]" started-at="2023-04-04T21:04:49 EDT" name="after" finished-at="2023-04-04T21:04:49 EDT" duration-ms="1" status="PASS">
          <reporter-output>
          </reporter-output>
        </test-method> <!-- after -->
      </class> <!-- jUnitTestingPackage.AnnotationTesting -->
    </test> <!-- Test -->
  </suite> <!-- Suite -->
</testng-results>
